Build started 29/05/2015 14:54:55.
     1>Project "C:\NEW_PROJECT\Assembly-Game\AssemblyDone\AssemblyDone.vcxproj" on node 2 (Rebuild target(s)).
     1>C:\Program Files (x86)\MSBuild\Microsoft.Cpp\v4.0\V120\Microsoft.CppClean.targets(76,5): warning : The process cannot access the file 'c:\new_project\assembly-game\debug\assemblydone.exe' because it is being used by another process.
     1>_MASM:
         Assembling frame_draw.asm...
         cmd.exe /C "C:\Users\Daniel\AppData\Local\Temp\tmp48c1b52f2d6042d2a7433f1e47bf420b.cmd"
         ml.exe /c /nologo /Zi /Fo"Debug\frame_draw.obj" /W3 /errorReport:prompt  /Taframe_draw.asm
     1>frame_draw.asm(3227): warning A6001: no return from procedure
     1>frame_draw.asm(416): warning A6004: procedure argument or local not referenced : paramter
     1>frame_draw.asm(487): warning A6004: procedure argument or local not referenced : tempto
     1>frame_draw.asm(487): warning A6004: procedure argument or local not referenced : tempfrom
     1>frame_draw.asm(651): warning A6004: procedure argument or local not referenced : hold
     1>frame_draw.asm(651): warning A6004: procedure argument or local not referenced : hold2
     1>frame_draw.asm(715): warning A6004: procedure argument or local not referenced : hdc
     1>frame_draw.asm(715): warning A6004: procedure argument or local not referenced : Highlighted
     1>frame_draw.asm(908): warning A6004: procedure argument or local not referenced : radix
     1>frame_draw.asm(1293): warning A6004: procedure argument or local not referenced : brush
     1>frame_draw.asm(1293): warning A6004: procedure argument or local not referenced : hdcMem1
     1>frame_draw.asm(1293): warning A6004: procedure argument or local not referenced : hOld
     1>frame_draw.asm(1380): warning A6004: procedure argument or local not referenced : hdcMem
     1>frame_draw.asm(1544): warning A6004: procedure argument or local not referenced : brush
     1>frame_draw.asm(1800): warning A6004: procedure argument or local not referenced : brush
     1>frame_draw.asm(1861): warning A6004: procedure argument or local not referenced : brush
     1>frame_draw.asm(3135): warning A6004: procedure argument or local not referenced : brushcolouring2
     1>frame_draw.asm(3135): warning A6004: procedure argument or local not referenced : hdcMem
     1>frame_draw.asm(3135): warning A6004: procedure argument or local not referenced : hbmOld
     1>frame_draw.asm(3135): warning A6004: procedure argument or local not referenced : bm
     1>frame_draw.asm(3135): warning A6004: procedure argument or local not referenced : rectforpic
     1>frame_draw.asm(3227): warning A6004: procedure argument or local not referenced : animcls
       ResourceCompile:
         C:\Program Files (x86)\Windows Kits\8.1\bin\x86\rc.exe /D _UNICODE /D UNICODE /l"0x0409" /nologo /fo"Debug\resource.res" resource.rc 
       Link:
         F:\Visual Studio\VC\bin\link.exe /ERRORREPORT:PROMPT /OUT:"C:\NEW_PROJECT\Assembly-Game\Debug\AssemblyDone.exe" /INCREMENTAL /NOLOGO kernel32.lib user32.lib gdi32.lib winspool.lib comdlg32.lib advapi32.lib shell32.lib ole32.lib oleaut32.lib uuid.lib odbc32.lib odbccp32.lib /MANIFEST /MANIFESTUAC:"level='asInvoker' uiAccess='false'" /manifest:embed /DEBUG /PDB:"C:\NEW_PROJECT\Assembly-Game\Debug\AssemblyDone.pdb" /SUBSYSTEM:CONSOLE /TLBID:1 /DYNAMICBASE /NXCOMPAT /IMPLIB:"C:\NEW_PROJECT\Assembly-Game\Debug\AssemblyDone.lib" /MACHINE:X86 Debug\resource.res
         Debug\frame_draw.obj
         AssemblyDone.vcxproj -> C:\NEW_PROJECT\Assembly-Game\Debug\AssemblyDone.exe
     1>Done Building Project "C:\NEW_PROJECT\Assembly-Game\AssemblyDone\AssemblyDone.vcxproj" (Rebuild target(s)).

Build succeeded.

Time Elapsed 00:00:01.54
